W&B run: https://wandb.ai/vuongcris4-hcmute/thietkedenoiser/runs/vxs0kx7n
Using REAL pseudo-labels from: data/OEM_v2_aDanh
RealNoiseDAEDataset train: 1751 samples
RealNoiseDAEDataset val: 218 samples
Model params: 32.1M total, 32.1M trainable
/home/ubuntu/thietkedenoiser/src/scripts/train_dae.py:290: FutureWarning: `torch.cuda.amp.GradScaler(args...)` is deprecated. Please use `torch.amp.GradScaler('cuda', args...)` instead.
  scaler = GradScaler()
/home/ubuntu/thietkedenoiser/src/scripts/train_dae.py:78: FutureWarning: `torch.cuda.amp.autocast(args...)` is deprecated. Please use `torch.amp.autocast('cuda', args...)` instead.
  with autocast():
  Batch 20/437 | Loss: 3.4481 | Acc: 0.3031
  Batch 40/437 | Loss: 3.1183 | Acc: 0.4570
  Batch 60/437 | Loss: 2.7837 | Acc: 0.5248
  Batch 80/437 | Loss: 2.6236 | Acc: 0.5678
  Batch 100/437 | Loss: 2.8165 | Acc: 0.5921
  Batch 120/437 | Loss: 3.0706 | Acc: 0.6063
  Batch 140/437 | Loss: 2.4831 | Acc: 0.6167
  Batch 160/437 | Loss: 3.0105 | Acc: 0.6231
  Batch 180/437 | Loss: 2.5497 | Acc: 0.6275
  Batch 200/437 | Loss: 2.4735 | Acc: 0.6348
  Batch 220/437 | Loss: 2.3622 | Acc: 0.6402
  Batch 240/437 | Loss: 2.7751 | Acc: 0.6446
  Batch 260/437 | Loss: 2.2830 | Acc: 0.6497
  Batch 280/437 | Loss: 2.3629 | Acc: 0.6528
  Batch 300/437 | Loss: 2.1464 | Acc: 0.6544
  Batch 320/437 | Loss: 2.7857 | Acc: 0.6543
  Batch 340/437 | Loss: 2.5186 | Acc: 0.6573
  Batch 360/437 | Loss: 2.3203 | Acc: 0.6580
  Batch 380/437 | Loss: 2.4456 | Acc: 0.6591
  Batch 400/437 | Loss: 2.2613 | Acc: 0.6620
  Batch 420/437 | Loss: 2.4993 | Acc: 0.6632
/home/ubuntu/thietkedenoiser/src/scripts/train_dae.py:131: FutureWarning: `torch.cuda.amp.autocast(args...)` is deprecated. Please use `torch.amp.autocast('cuda', args...)` instead.
  with autocast():
Epoch   1/100 | Train Loss: 2.6559 Acc: 0.6643 | Val Loss: 2.2939 mIoU: 0.4914 | LR: 0.000100 | 124.7s
  IoU: Bare:0.033 Rang:0.453 Deve:0.447 Road:0.484 Tree:0.629 Wate:0.585 Agri:0.626 Buil:0.674
  >>> New best mIoU: 0.4914, saved to checkpoints/dae_unet_effnet_real_20260322_124629_best.pth
  Batch 20/437 | Loss: 2.1886 | Acc: 0.6846
  Batch 40/437 | Loss: 2.1752 | Acc: 0.6838
  Batch 60/437 | Loss: 2.4428 | Acc: 0.6866
  Batch 80/437 | Loss: 2.0566 | Acc: 0.6830
  Batch 100/437 | Loss: 2.0455 | Acc: 0.6857
  Batch 120/437 | Loss: 2.8434 | Acc: 0.6878
  Batch 140/437 | Loss: 2.9684 | Acc: 0.6851
  Batch 160/437 | Loss: 2.6698 | Acc: 0.6871
  Batch 180/437 | Loss: 2.2599 | Acc: 0.6873
  Batch 200/437 | Loss: 2.0415 | Acc: 0.6883
  Batch 220/437 | Loss: 1.9461 | Acc: 0.6898
  Batch 240/437 | Loss: 2.2957 | Acc: 0.6898
  Batch 260/437 | Loss: 2.1077 | Acc: 0.6907
  Batch 280/437 | Loss: 2.2412 | Acc: 0.6930
  Batch 300/437 | Loss: 2.5498 | Acc: 0.6926
  Batch 320/437 | Loss: 2.5005 | Acc: 0.6922
  Batch 340/437 | Loss: 2.2108 | Acc: 0.6927
  Batch 360/437 | Loss: 2.2092 | Acc: 0.6926
  Batch 380/437 | Loss: 1.8979 | Acc: 0.6932
  Batch 400/437 | Loss: 2.0650 | Acc: 0.6928
  Batch 420/437 | Loss: 2.3074 | Acc: 0.6937
Epoch   2/100 | Train Loss: 2.2730 Acc: 0.6939 | Val Loss: 2.0973 mIoU: 0.5110 | LR: 0.000100 | 106.4s
  IoU: Bare:0.114 Rang:0.449 Deve:0.463 Road:0.478 Tree:0.635 Wate:0.612 Agri:0.640 Buil:0.697
  >>> New best mIoU: 0.5110, saved to checkpoints/dae_unet_effnet_real_20260322_124629_best.pth
  Batch 20/437 | Loss: 2.2779 | Acc: 0.6975
  Batch 40/437 | Loss: 2.1728 | Acc: 0.6907
  Batch 60/437 | Loss: 2.0789 | Acc: 0.6857
  Batch 80/437 | Loss: 2.3121 | Acc: 0.6926
  Batch 100/437 | Loss: 2.2637 | Acc: 0.6952
  Batch 120/437 | Loss: 2.1279 | Acc: 0.6944
  Batch 140/437 | Loss: 2.3695 | Acc: 0.6953
  Batch 160/437 | Loss: 2.2904 | Acc: 0.6934
  Batch 180/437 | Loss: 2.0692 | Acc: 0.6930
  Batch 200/437 | Loss: 2.0002 | Acc: 0.6959
  Batch 220/437 | Loss: 2.0452 | Acc: 0.6962
  Batch 240/437 | Loss: 2.0531 | Acc: 0.6985
  Batch 260/437 | Loss: 2.8250 | Acc: 0.6982
  Batch 280/437 | Loss: 1.9054 | Acc: 0.6978
  Batch 300/437 | Loss: 2.2885 | Acc: 0.6978
  Batch 320/437 | Loss: 2.9314 | Acc: 0.6975
  Batch 340/437 | Loss: 2.2999 | Acc: 0.6963
  Batch 360/437 | Loss: 2.5811 | Acc: 0.6969
  Batch 380/437 | Loss: 1.9469 | Acc: 0.6979
  Batch 400/437 | Loss: 2.2578 | Acc: 0.6986
  Batch 420/437 | Loss: 2.2842 | Acc: 0.6990
Epoch   3/100 | Train Loss: 2.1792 Acc: 0.6984 | Val Loss: 2.0112 mIoU: 0.5581 | LR: 0.000100 | 106.9s
  IoU: Bare:0.391 Rang:0.477 Deve:0.470 Road:0.503 Tree:0.639 Wate:0.623 Agri:0.664 Buil:0.696
  >>> New best mIoU: 0.5581, saved to checkpoints/dae_unet_effnet_real_20260322_124629_best.pth
  Batch 20/437 | Loss: 2.0708 | Acc: 0.6972
  Batch 40/437 | Loss: 2.2448 | Acc: 0.7003
  Batch 60/437 | Loss: 2.1056 | Acc: 0.7046
  Batch 80/437 | Loss: 2.3206 | Acc: 0.7061
  Batch 100/437 | Loss: 2.0635 | Acc: 0.7040
  Batch 120/437 | Loss: 2.1276 | Acc: 0.7037
  Batch 140/437 | Loss: 2.0269 | Acc: 0.7046
  Batch 160/437 | Loss: 1.7941 | Acc: 0.7032
  Batch 180/437 | Loss: 2.0790 | Acc: 0.7059
  Batch 200/437 | Loss: 1.9101 | Acc: 0.7056
  Batch 220/437 | Loss: 1.9170 | Acc: 0.7064
  Batch 240/437 | Loss: 1.9065 | Acc: 0.7075
  Batch 260/437 | Loss: 1.9605 | Acc: 0.7068
  Batch 280/437 | Loss: 2.0306 | Acc: 0.7082
  Batch 300/437 | Loss: 2.2621 | Acc: 0.7082
  Batch 320/437 | Loss: 1.9747 | Acc: 0.7075
  Batch 340/437 | Loss: 1.8677 | Acc: 0.7079
  Batch 360/437 | Loss: 2.1172 | Acc: 0.7082
  Batch 380/437 | Loss: 2.1204 | Acc: 0.7086
  Batch 400/437 | Loss: 2.1954 | Acc: 0.7085
  Batch 420/437 | Loss: 2.2354 | Acc: 0.7074
Epoch   4/100 | Train Loss: 2.0860 Acc: 0.7088 | Val Loss: 1.9511 mIoU: 0.5755 | LR: 0.000100 | 106.1s
  IoU: Bare:0.486 Rang:0.477 Deve:0.481 Road:0.499 Tree:0.647 Wate:0.643 Agri:0.668 Buil:0.703
  >>> New best mIoU: 0.5755, saved to checkpoints/dae_unet_effnet_real_20260322_124629_best.pth
  Batch 20/437 | Loss: 2.0885 | Acc: 0.7171
  Batch 40/437 | Loss: 1.8502 | Acc: 0.7115
  Batch 60/437 | Loss: 2.0344 | Acc: 0.7113
  Batch 80/437 | Loss: 1.9139 | Acc: 0.7104
  Batch 100/437 | Loss: 1.7060 | Acc: 0.7115
  Batch 120/437 | Loss: 2.0272 | Acc: 0.7142
  Batch 140/437 | Loss: 2.0697 | Acc: 0.7159
  Batch 160/437 | Loss: 2.5508 | Acc: 0.7155
  Batch 180/437 | Loss: 2.0089 | Acc: 0.7167
  Batch 200/437 | Loss: 2.3149 | Acc: 0.7162
  Batch 220/437 | Loss: 2.1266 | Acc: 0.7182
  Batch 240/437 | Loss: 2.2363 | Acc: 0.7179
  Batch 260/437 | Loss: 2.2871 | Acc: 0.7156
  Batch 280/437 | Loss: 2.0868 | Acc: 0.7147
  Batch 300/437 | Loss: 2.1669 | Acc: 0.7142
  Batch 320/437 | Loss: 1.8683 | Acc: 0.7149
  Batch 340/437 | Loss: 1.8508 | Acc: 0.7147
  Batch 360/437 | Loss: 1.9112 | Acc: 0.7143
  Batch 380/437 | Loss: 1.9415 | Acc: 0.7148
  Batch 400/437 | Loss: 2.1957 | Acc: 0.7155
  Batch 420/437 | Loss: 1.8880 | Acc: 0.7154
Epoch   5/100 | Train Loss: 2.0304 Acc: 0.7157 | Val Loss: 1.9283 mIoU: 0.5737 | LR: 0.000099 | 105.6s
  IoU: Bare:0.437 Rang:0.473 Deve:0.479 Road:0.514 Tree:0.646 Wate:0.640 Agri:0.688 Buil:0.712
  Batch 20/437 | Loss: 2.2779 | Acc: 0.7091
  Batch 40/437 | Loss: 1.8097 | Acc: 0.7199
  Batch 60/437 | Loss: 1.8581 | Acc: 0.7111
  Batch 80/437 | Loss: 1.7840 | Acc: 0.7155
  Batch 100/437 | Loss: 1.8124 | Acc: 0.7190
  Batch 120/437 | Loss: 2.2298 | Acc: 0.7227
  Batch 140/437 | Loss: 1.8373 | Acc: 0.7227
  Batch 160/437 | Loss: 1.9555 | Acc: 0.7234
  Batch 180/437 | Loss: 1.7208 | Acc: 0.7244
  Batch 200/437 | Loss: 1.9400 | Acc: 0.7245
  Batch 220/437 | Loss: 2.3164 | Acc: 0.7247
  Batch 240/437 | Loss: 2.2664 | Acc: 0.7230
  Batch 260/437 | Loss: 2.0544 | Acc: 0.7230
  Batch 280/437 | Loss: 2.0720 | Acc: 0.7224
  Batch 300/437 | Loss: 1.6223 | Acc: 0.7238
  Batch 320/437 | Loss: 2.1165 | Acc: 0.7236
  Batch 340/437 | Loss: 1.8932 | Acc: 0.7247
  Batch 360/437 | Loss: 1.8727 | Acc: 0.7242
  Batch 380/437 | Loss: 1.7897 | Acc: 0.7244
  Batch 400/437 | Loss: 2.0722 | Acc: 0.7233
  Batch 420/437 | Loss: 1.7925 | Acc: 0.7228
Epoch   6/100 | Train Loss: 1.9753 Acc: 0.7234 | Val Loss: 1.8868 mIoU: 0.5774 | LR: 0.000099 | 104.1s
  IoU: Bare:0.387 Rang:0.504 Deve:0.483 Road:0.515 Tree:0.649 Wate:0.677 Agri:0.686 Buil:0.719
  >>> New best mIoU: 0.5774, saved to checkpoints/dae_unet_effnet_real_20260322_124629_best.pth
  Batch 20/437 | Loss: 1.9097 | Acc: 0.7143
  Batch 40/437 | Loss: 2.0267 | Acc: 0.7202
  Batch 60/437 | Loss: 1.8321 | Acc: 0.7227
  Batch 80/437 | Loss: 2.0973 | Acc: 0.7292
  Batch 100/437 | Loss: 1.8817 | Acc: 0.7305
  Batch 120/437 | Loss: 1.8470 | Acc: 0.7306
  Batch 140/437 | Loss: 1.8000 | Acc: 0.7280
  Batch 160/437 | Loss: 1.8857 | Acc: 0.7273
  Batch 180/437 | Loss: 2.1655 | Acc: 0.7248
  Batch 200/437 | Loss: 1.8842 | Acc: 0.7269
  Batch 220/437 | Loss: 1.9118 | Acc: 0.7264
  Batch 240/437 | Loss: 2.1040 | Acc: 0.7282
  Batch 260/437 | Loss: 1.7930 | Acc: 0.7284
  Batch 280/437 | Loss: 1.9575 | Acc: 0.7268
  Batch 300/437 | Loss: 1.7715 | Acc: 0.7279
  Batch 320/437 | Loss: 1.9589 | Acc: 0.7282
  Batch 340/437 | Loss: 1.7518 | Acc: 0.7286
  Batch 360/437 | Loss: 1.9677 | Acc: 0.7288
  Batch 380/437 | Loss: 1.9295 | Acc: 0.7285
  Batch 400/437 | Loss: 2.0540 | Acc: 0.7281
  Batch 420/437 | Loss: 2.2302 | Acc: 0.7284
Epoch   7/100 | Train Loss: 1.9423 Acc: 0.7296 | Val Loss: 1.8690 mIoU: 0.5888 | LR: 0.000099 | 105.2s
  IoU: Bare:0.475 Rang:0.488 Deve:0.489 Road:0.526 Tree:0.647 Wate:0.699 Agri:0.669 Buil:0.717
  >>> New best mIoU: 0.5888, saved to checkpoints/dae_unet_effnet_real_20260322_124629_best.pth
  Batch 20/437 | Loss: 1.7519 | Acc: 0.7426
  Batch 40/437 | Loss: 1.9483 | Acc: 0.7323
  Batch 60/437 | Loss: 1.8772 | Acc: 0.7352
  Batch 80/437 | Loss: 2.0775 | Acc: 0.7362
  Batch 100/437 | Loss: 1.8594 | Acc: 0.7368
  Batch 120/437 | Loss: 2.0137 | Acc: 0.7372
  Batch 140/437 | Loss: 1.9138 | Acc: 0.7375
  Batch 160/437 | Loss: 1.7489 | Acc: 0.7371
  Batch 180/437 | Loss: 2.1549 | Acc: 0.7353
  Batch 200/437 | Loss: 1.9779 | Acc: 0.7361
  Batch 220/437 | Loss: 1.7785 | Acc: 0.7356
  Batch 240/437 | Loss: 1.8159 | Acc: 0.7348
  Batch 260/437 | Loss: 1.8075 | Acc: 0.7354
  Batch 280/437 | Loss: 1.9221 | Acc: 0.7342
  Batch 300/437 | Loss: 1.7666 | Acc: 0.7343
  Batch 320/437 | Loss: 1.7788 | Acc: 0.7339
  Batch 340/437 | Loss: 1.7600 | Acc: 0.7337
  Batch 360/437 | Loss: 1.9183 | Acc: 0.7345
  Batch 380/437 | Loss: 1.8349 | Acc: 0.7349
  Batch 400/437 | Loss: 1.9398 | Acc: 0.7352
  Batch 420/437 | Loss: 2.2064 | Acc: 0.7357
Epoch   8/100 | Train Loss: 1.9069 Acc: 0.7358 | Val Loss: 1.8559 mIoU: 0.6001 | LR: 0.000098 | 105.3s
  IoU: Bare:0.480 Rang:0.489 Deve:0.493 Road:0.531 Tree:0.633 Wate:0.751 Agri:0.710 Buil:0.714
  >>> New best mIoU: 0.6001, saved to checkpoints/dae_unet_effnet_real_20260322_124629_best.pth
  Batch 20/437 | Loss: 1.8962 | Acc: 0.7442
  Batch 40/437 | Loss: 1.9103 | Acc: 0.7427
  Batch 60/437 | Loss: 2.1299 | Acc: 0.7422
  Batch 80/437 | Loss: 1.5787 | Acc: 0.7413
  Batch 100/437 | Loss: 1.6628 | Acc: 0.7411
  Batch 120/437 | Loss: 1.6641 | Acc: 0.7384
  Batch 140/437 | Loss: 1.9452 | Acc: 0.7384
  Batch 160/437 | Loss: 2.2315 | Acc: 0.7375
  Batch 180/437 | Loss: 2.1127 | Acc: 0.7376
  Batch 200/437 | Loss: 1.9782 | Acc: 0.7377
  Batch 220/437 | Loss: 1.7049 | Acc: 0.7378
  Batch 240/437 | Loss: 1.9750 | Acc: 0.7386
  Batch 260/437 | Loss: 1.6417 | Acc: 0.7394
  Batch 280/437 | Loss: 1.8209 | Acc: 0.7395
  Batch 300/437 | Loss: 1.7697 | Acc: 0.7401
  Batch 320/437 | Loss: 1.7897 | Acc: 0.7402
  Batch 340/437 | Loss: 1.8417 | Acc: 0.7404
  Batch 360/437 | Loss: 1.6608 | Acc: 0.7411
  Batch 380/437 | Loss: 1.9530 | Acc: 0.7414
  Batch 400/437 | Loss: 1.9123 | Acc: 0.7410
  Batch 420/437 | Loss: 1.7016 | Acc: 0.7405
Epoch   9/100 | Train Loss: 1.8757 Acc: 0.7409 | Val Loss: 1.8553 mIoU: 0.5761 | LR: 0.000098 | 105.6s
  IoU: Bare:0.354 Rang:0.472 Deve:0.489 Road:0.532 Tree:0.649 Wate:0.694 Agri:0.694 Buil:0.726
  Batch 20/437 | Loss: 1.8948 | Acc: 0.7573
  Batch 40/437 | Loss: 1.6153 | Acc: 0.7509
  Batch 60/437 | Loss: 1.8746 | Acc: 0.7462
  Batch 80/437 | Loss: 2.0588 | Acc: 0.7494
  Batch 100/437 | Loss: 1.7097 | Acc: 0.7524
  Batch 120/437 | Loss: 1.8625 | Acc: 0.7503
  Batch 140/437 | Loss: 2.3134 | Acc: 0.7496
  Batch 160/437 | Loss: 1.6069 | Acc: 0.7475
  Batch 180/437 | Loss: 2.2031 | Acc: 0.7469
  Batch 200/437 | Loss: 1.9622 | Acc: 0.7452
  Batch 220/437 | Loss: 2.1578 | Acc: 0.7449
  Batch 240/437 | Loss: 1.7264 | Acc: 0.7455
  Batch 260/437 | Loss: 1.8782 | Acc: 0.7459
  Batch 280/437 | Loss: 1.8770 | Acc: 0.7459
  Batch 300/437 | Loss: 1.6207 | Acc: 0.7449
  Batch 320/437 | Loss: 1.9760 | Acc: 0.7444
  Batch 340/437 | Loss: 1.8933 | Acc: 0.7447
  Batch 360/437 | Loss: 1.6613 | Acc: 0.7454
  Batch 380/437 | Loss: 2.2460 | Acc: 0.7452
  Batch 400/437 | Loss: 1.7260 | Acc: 0.7453
  Batch 420/437 | Loss: 1.9744 | Acc: 0.7458
Epoch  10/100 | Train Loss: 1.8464 Acc: 0.7461 | Val Loss: 1.8355 mIoU: 0.5935 | LR: 0.000098 | 103.9s
  IoU: Bare:0.385 Rang:0.496 Deve:0.490 Road:0.537 Tree:0.641 Wate:0.764 Agri:0.706 Buil:0.728
  Batch 20/437 | Loss: 2.0025 | Acc: 0.7413
  Batch 40/437 | Loss: 1.8649 | Acc: 0.7415
  Batch 60/437 | Loss: 1.9933 | Acc: 0.7397
  Batch 80/437 | Loss: 1.7128 | Acc: 0.7390
  Batch 100/437 | Loss: 2.0373 | Acc: 0.7379
  Batch 120/437 | Loss: 1.6122 | Acc: 0.7427
  Batch 140/437 | Loss: 1.9762 | Acc: 0.7421
  Batch 160/437 | Loss: 1.7667 | Acc: 0.7422
  Batch 180/437 | Loss: 1.7116 | Acc: 0.7422
  Batch 200/437 | Loss: 1.9669 | Acc: 0.7433
  Batch 220/437 | Loss: 1.9995 | Acc: 0.7423
  Batch 240/437 | Loss: 2.0417 | Acc: 0.7444
  Batch 260/437 | Loss: 1.8185 | Acc: 0.7451
  Batch 280/437 | Loss: 1.7762 | Acc: 0.7469
  Batch 300/437 | Loss: 1.7294 | Acc: 0.7480
  Batch 320/437 | Loss: 1.7075 | Acc: 0.7474
  Batch 340/437 | Loss: 1.7718 | Acc: 0.7479
  Batch 360/437 | Loss: 1.8232 | Acc: 0.7487
  Batch 380/437 | Loss: 2.0045 | Acc: 0.7490
  Batch 400/437 | Loss: 1.5767 | Acc: 0.7493
  Batch 420/437 | Loss: 2.0844 | Acc: 0.7489
Epoch  11/100 | Train Loss: 1.8336 Acc: 0.7483 | Val Loss: 1.8345 mIoU: 0.5897 | LR: 0.000097 | 104.3s
  IoU: Bare:0.443 Rang:0.479 Deve:0.497 Road:0.531 Tree:0.646 Wate:0.697 Agri:0.697 Buil:0.726
  Batch 20/437 | Loss: 1.6960 | Acc: 0.7472
  Batch 40/437 | Loss: 1.6516 | Acc: 0.7543
  Batch 60/437 | Loss: 1.9674 | Acc: 0.7519
  Batch 80/437 | Loss: 2.0208 | Acc: 0.7517
  Batch 100/437 | Loss: 1.9472 | Acc: 0.7506
  Batch 120/437 | Loss: 1.5524 | Acc: 0.7531
  Batch 140/437 | Loss: 1.8268 | Acc: 0.7528
  Batch 160/437 | Loss: 1.7234 | Acc: 0.7524
  Batch 180/437 | Loss: 1.8185 | Acc: 0.7527
  Batch 200/437 | Loss: 1.6431 | Acc: 0.7533
  Batch 220/437 | Loss: 2.0559 | Acc: 0.7528
  Batch 240/437 | Loss: 1.8304 | Acc: 0.7537
  Batch 260/437 | Loss: 1.9315 | Acc: 0.7534
  Batch 280/437 | Loss: 1.7696 | Acc: 0.7521
  Batch 300/437 | Loss: 1.8212 | Acc: 0.7511
  Batch 320/437 | Loss: 1.8983 | Acc: 0.7521
  Batch 340/437 | Loss: 2.0014 | Acc: 0.7519
  Batch 360/437 | Loss: 1.7961 | Acc: 0.7521
  Batch 380/437 | Loss: 1.5975 | Acc: 0.7530
  Batch 400/437 | Loss: 1.9610 | Acc: 0.7533
  Batch 420/437 | Loss: 1.6024 | Acc: 0.7540
Epoch  12/100 | Train Loss: 1.8092 Acc: 0.7536 | Val Loss: 1.8081 mIoU: 0.5968 | LR: 0.000096 | 104.8s
  IoU: Bare:0.402 Rang:0.478 Deve:0.494 Road:0.546 Tree:0.647 Wate:0.775 Agri:0.703 Buil:0.729
  Batch 20/437 | Loss: 1.5670 | Acc: 0.7422
  Batch 40/437 | Loss: 1.8407 | Acc: 0.7476
  Batch 60/437 | Loss: 1.7951 | Acc: 0.7543
  Batch 80/437 | Loss: 1.7932 | Acc: 0.7545
  Batch 100/437 | Loss: 1.7795 | Acc: 0.7551
  Batch 120/437 | Loss: 1.6234 | Acc: 0.7532
  Batch 140/437 | Loss: 1.5979 | Acc: 0.7536
  Batch 160/437 | Loss: 1.8241 | Acc: 0.7538
  Batch 180/437 | Loss: 2.0420 | Acc: 0.7533
  Batch 200/437 | Loss: 1.7299 | Acc: 0.7561
  Batch 220/437 | Loss: 1.8623 | Acc: 0.7566
  Batch 240/437 | Loss: 1.7572 | Acc: 0.7573
  Batch 260/437 | Loss: 1.6841 | Acc: 0.7597
  Batch 280/437 | Loss: 1.6120 | Acc: 0.7594
  Batch 300/437 | Loss: 1.7600 | Acc: 0.7588
  Batch 320/437 | Loss: 1.9670 | Acc: 0.7593
  Batch 340/437 | Loss: 1.7265 | Acc: 0.7593
  Batch 360/437 | Loss: 1.8949 | Acc: 0.7584
  Batch 380/437 | Loss: 1.7089 | Acc: 0.7586
  Batch 400/437 | Loss: 1.8709 | Acc: 0.7584
  Batch 420/437 | Loss: 1.9614 | Acc: 0.7582
Epoch  13/100 | Train Loss: 1.7793 Acc: 0.7582 | Val Loss: 1.8314 mIoU: 0.5982 | LR: 0.000096 | 105.0s
  IoU: Bare:0.432 Rang:0.504 Deve:0.485 Road:0.545 Tree:0.647 Wate:0.738 Agri:0.704 Buil:0.729
  Batch 20/437 | Loss: 1.7636 | Acc: 0.7654
  Batch 40/437 | Loss: 1.8515 | Acc: 0.7671
  Batch 60/437 | Loss: 1.6745 | Acc: 0.7664
  Batch 80/437 | Loss: 1.8963 | Acc: 0.7659
  Batch 100/437 | Loss: 1.8314 | Acc: 0.7632
  Batch 120/437 | Loss: 1.8767 | Acc: 0.7633
  Batch 140/437 | Loss: 1.7602 | Acc: 0.7645
  Batch 160/437 | Loss: 1.7191 | Acc: 0.7642
  Batch 180/437 | Loss: 1.4645 | Acc: 0.7648
  Batch 200/437 | Loss: 1.6920 | Acc: 0.7614
  Batch 220/437 | Loss: 1.5594 | Acc: 0.7615
  Batch 240/437 | Loss: 1.8095 | Acc: 0.7617
  Batch 260/437 | Loss: 1.7034 | Acc: 0.7619
  Batch 280/437 | Loss: 1.7839 | Acc: 0.7619
  Batch 300/437 | Loss: 1.6224 | Acc: 0.7620
  Batch 320/437 | Loss: 1.8904 | Acc: 0.7618
  Batch 340/437 | Loss: 1.8719 | Acc: 0.7626
  Batch 360/437 | Loss: 1.6889 | Acc: 0.7620
  Batch 380/437 | Loss: 1.9636 | Acc: 0.7615
  Batch 400/437 | Loss: 1.5162 | Acc: 0.7609
  Batch 420/437 | Loss: 1.6759 | Acc: 0.7615
Epoch  14/100 | Train Loss: 1.7680 Acc: 0.7609 | Val Loss: 1.8399 mIoU: 0.5842 | LR: 0.000095 | 104.8s
  IoU: Bare:0.434 Rang:0.463 Deve:0.501 Road:0.547 Tree:0.642 Wate:0.685 Agri:0.667 Buil:0.734
  Batch 20/437 | Loss: 1.7679 | Acc: 0.7840
  Batch 40/437 | Loss: 1.6226 | Acc: 0.7775
  Batch 60/437 | Loss: 1.5004 | Acc: 0.7771
  Batch 80/437 | Loss: 1.7992 | Acc: 0.7718
  Batch 100/437 | Loss: 1.4281 | Acc: 0.7694
  Batch 120/437 | Loss: 1.6091 | Acc: 0.7677
  Batch 140/437 | Loss: 1.5997 | Acc: 0.7676
  Batch 160/437 | Loss: 1.7027 | Acc: 0.7685
  Batch 180/437 | Loss: 1.5044 | Acc: 0.7673
  Batch 200/437 | Loss: 1.8144 | Acc: 0.7653
  Batch 220/437 | Loss: 1.7708 | Acc: 0.7647
  Batch 240/437 | Loss: 1.8077 | Acc: 0.7645
  Batch 260/437 | Loss: 1.5734 | Acc: 0.7643
  Batch 280/437 | Loss: 1.6501 | Acc: 0.7641
  Batch 300/437 | Loss: 1.8501 | Acc: 0.7639
  Batch 320/437 | Loss: 1.8378 | Acc: 0.7642
  Batch 340/437 | Loss: 1.7635 | Acc: 0.7636
  Batch 360/437 | Loss: 1.6732 | Acc: 0.7638
  Batch 380/437 | Loss: 1.7847 | Acc: 0.7634
  Batch 400/437 | Loss: 1.7439 | Acc: 0.7638
  Batch 420/437 | Loss: 1.9253 | Acc: 0.7632
Epoch  15/100 | Train Loss: 1.7507 Acc: 0.7637 | Val Loss: 1.8143 mIoU: 0.5930 | LR: 0.000095 | 105.0s
  IoU: Bare:0.457 Rang:0.480 Deve:0.490 Road:0.550 Tree:0.638 Wate:0.700 Agri:0.696 Buil:0.733
  Batch 20/437 | Loss: 1.7131 | Acc: 0.7658
  Batch 40/437 | Loss: 1.4745 | Acc: 0.7713
  Batch 60/437 | Loss: 1.6134 | Acc: 0.7656
  Batch 80/437 | Loss: 2.0103 | Acc: 0.7632
  Batch 100/437 | Loss: 1.6194 | Acc: 0.7664
  Batch 120/437 | Loss: 1.8169 | Acc: 0.7660
  Batch 140/437 | Loss: 1.6963 | Acc: 0.7656
  Batch 160/437 | Loss: 1.6349 | Acc: 0.7673
  Batch 180/437 | Loss: 1.6681 | Acc: 0.7671
  Batch 200/437 | Loss: 1.6174 | Acc: 0.7687
  Batch 220/437 | Loss: 1.7593 | Acc: 0.7687
  Batch 240/437 | Loss: 1.8498 | Acc: 0.7693
  Batch 260/437 | Loss: 1.6989 | Acc: 0.7702
  Batch 280/437 | Loss: 1.7724 | Acc: 0.7692
  Batch 300/437 | Loss: 1.7625 | Acc: 0.7686
  Batch 320/437 | Loss: 1.9414 | Acc: 0.7677
  Batch 340/437 | Loss: 2.0031 | Acc: 0.7670
  Batch 360/437 | Loss: 1.7511 | Acc: 0.7665
  Batch 380/437 | Loss: 1.7761 | Acc: 0.7666
  Batch 400/437 | Loss: 2.4132 | Acc: 0.7661
  Batch 420/437 | Loss: 1.7481 | Acc: 0.7665
Epoch  16/100 | Train Loss: 1.7370 Acc: 0.7661 | Val Loss: 1.7960 mIoU: 0.5985 | LR: 0.000094 | 105.9s
  IoU: Bare:0.415 Rang:0.488 Deve:0.494 Road:0.548 Tree:0.652 Wate:0.766 Agri:0.686 Buil:0.740
  Batch 20/437 | Loss: 1.7570 | Acc: 0.7677
  Batch 40/437 | Loss: 1.4666 | Acc: 0.7686
  Batch 60/437 | Loss: 1.9779 | Acc: 0.7673
  Batch 80/437 | Loss: 1.3493 | Acc: 0.7699
  Batch 100/437 | Loss: 1.8629 | Acc: 0.7687
  Batch 120/437 | Loss: 1.9974 | Acc: 0.7698
  Batch 140/437 | Loss: 1.4210 | Acc: 0.7698
  Batch 160/437 | Loss: 1.7381 | Acc: 0.7718
  Batch 180/437 | Loss: 1.8922 | Acc: 0.7718
  Batch 200/437 | Loss: 1.9175 | Acc: 0.7697
  Batch 220/437 | Loss: 1.7570 | Acc: 0.7674
  Batch 240/437 | Loss: 1.7505 | Acc: 0.7661
  Batch 260/437 | Loss: 1.5359 | Acc: 0.7669
  Batch 280/437 | Loss: 1.8080 | Acc: 0.7673
  Batch 300/437 | Loss: 1.8312 | Acc: 0.7672
  Batch 320/437 | Loss: 1.7488 | Acc: 0.7677
  Batch 340/437 | Loss: 1.8236 | Acc: 0.7673
  Batch 360/437 | Loss: 1.6086 | Acc: 0.7680
  Batch 380/437 | Loss: 1.8997 | Acc: 0.7680
  Batch 400/437 | Loss: 1.9296 | Acc: 0.7684
  Batch 420/437 | Loss: 1.8791 | Acc: 0.7684
Epoch  17/100 | Train Loss: 1.7229 Acc: 0.7685 | Val Loss: 1.7822 mIoU: 0.6100 | LR: 0.000093 | 106.2s
  IoU: Bare:0.484 Rang:0.485 Deve:0.504 Road:0.551 Tree:0.644 Wate:0.788 Agri:0.689 Buil:0.736
  >>> New best mIoU: 0.6100, saved to checkpoints/dae_unet_effnet_real_20260322_124629_best.pth
  Batch 20/437 | Loss: 1.7544 | Acc: 0.7662
  Batch 40/437 | Loss: 1.5822 | Acc: 0.7693
  Batch 60/437 | Loss: 1.4624 | Acc: 0.7694
  Batch 80/437 | Loss: 1.7960 | Acc: 0.7673
  Batch 100/437 | Loss: 1.5459 | Acc: 0.7674
  Batch 120/437 | Loss: 2.0019 | Acc: 0.7677
  Batch 140/437 | Loss: 1.5268 | Acc: 0.7675
  Batch 160/437 | Loss: 1.6474 | Acc: 0.7657
  Batch 180/437 | Loss: 1.6623 | Acc: 0.7670
  Batch 200/437 | Loss: 1.5975 | Acc: 0.7682
  Batch 220/437 | Loss: 1.7073 | Acc: 0.7691
  Batch 240/437 | Loss: 1.8991 | Acc: 0.7678
  Batch 260/437 | Loss: 1.7123 | Acc: 0.7676
  Batch 280/437 | Loss: 1.5015 | Acc: 0.7684
  Batch 300/437 | Loss: 1.6900 | Acc: 0.7695
  Batch 320/437 | Loss: 1.9487 | Acc: 0.7697
  Batch 340/437 | Loss: 1.5794 | Acc: 0.7700
  Batch 360/437 | Loss: 2.0586 | Acc: 0.7704
  Batch 380/437 | Loss: 1.7216 | Acc: 0.7704
  Batch 400/437 | Loss: 1.9330 | Acc: 0.7708
  Batch 420/437 | Loss: 1.5075 | Acc: 0.7711
Epoch  18/100 | Train Loss: 1.7051 Acc: 0.7714 | Val Loss: 1.7747 mIoU: 0.6132 | LR: 0.000092 | 106.3s
  IoU: Bare:0.519 Rang:0.469 Deve:0.521 Road:0.549 Tree:0.652 Wate:0.761 Agri:0.705 Buil:0.729
  >>> New best mIoU: 0.6132, saved to checkpoints/dae_unet_effnet_real_20260322_124629_best.pth
  Batch 20/437 | Loss: 1.6140 | Acc: 0.7747
  Batch 40/437 | Loss: 1.6864 | Acc: 0.7747
  Batch 60/437 | Loss: 1.8702 | Acc: 0.7741
  Batch 80/437 | Loss: 1.6174 | Acc: 0.7746
  Batch 100/437 | Loss: 1.5265 | Acc: 0.7752
  Batch 120/437 | Loss: 1.5785 | Acc: 0.7758
  Batch 140/437 | Loss: 1.9499 | Acc: 0.7765
  Batch 160/437 | Loss: 1.5159 | Acc: 0.7748
  Batch 180/437 | Loss: 1.6869 | Acc: 0.7755
  Batch 200/437 | Loss: 1.4647 | Acc: 0.7745
  Batch 220/437 | Loss: 1.7053 | Acc: 0.7741
  Batch 240/437 | Loss: 1.6788 | Acc: 0.7740
  Batch 260/437 | Loss: 1.6491 | Acc: 0.7743
  Batch 280/437 | Loss: 1.7419 | Acc: 0.7749
  Batch 300/437 | Loss: 1.7721 | Acc: 0.7745
  Batch 320/437 | Loss: 1.6711 | Acc: 0.7744
  Batch 340/437 | Loss: 1.8382 | Acc: 0.7741
  Batch 360/437 | Loss: 1.4071 | Acc: 0.7736
  Batch 380/437 | Loss: 1.6555 | Acc: 0.7733
  Batch 400/437 | Loss: 1.7647 | Acc: 0.7742
  Batch 420/437 | Loss: 1.6812 | Acc: 0.7745
Epoch  19/100 | Train Loss: 1.6923 Acc: 0.7741 | Val Loss: 1.7773 mIoU: 0.6033 | LR: 0.000091 | 106.7s
  IoU: Bare:0.421 Rang:0.462 Deve:0.519 Road:0.553 Tree:0.643 Wate:0.794 Agri:0.697 Buil:0.737
  Batch 20/437 | Loss: 1.5984 | Acc: 0.7792
  Batch 40/437 | Loss: 1.4625 | Acc: 0.7770
  Batch 60/437 | Loss: 1.8631 | Acc: 0.7723
  Batch 80/437 | Loss: 1.6910 | Acc: 0.7743
  Batch 100/437 | Loss: 1.6548 | Acc: 0.7756
  Batch 120/437 | Loss: 1.8833 | Acc: 0.7765
  Batch 140/437 | Loss: 1.9194 | Acc: 0.7773
  Batch 160/437 | Loss: 1.4486 | Acc: 0.7775
  Batch 180/437 | Loss: 1.5969 | Acc: 0.7779
  Batch 200/437 | Loss: 1.5705 | Acc: 0.7778
  Batch 220/437 | Loss: 1.5398 | Acc: 0.7778
  Batch 240/437 | Loss: 1.7197 | Acc: 0.7776
  Batch 260/437 | Loss: 1.5048 | Acc: 0.7774
  Batch 280/437 | Loss: 1.6264 | Acc: 0.7775
  Batch 300/437 | Loss: 1.5862 | Acc: 0.7776
  Batch 320/437 | Loss: 1.6956 | Acc: 0.7768
  Batch 340/437 | Loss: 1.4399 | Acc: 0.7776
  Batch 360/437 | Loss: 1.6638 | Acc: 0.7765
  Batch 380/437 | Loss: 1.4431 | Acc: 0.7771
  Batch 400/437 | Loss: 1.5655 | Acc: 0.7772
  Batch 420/437 | Loss: 1.5794 | Acc: 0.7764
Epoch  20/100 | Train Loss: 1.6769 Acc: 0.7770 | Val Loss: 1.7630 mIoU: 0.6096 | LR: 0.000090 | 106.9s
  IoU: Bare:0.421 Rang:0.491 Deve:0.513 Road:0.551 Tree:0.655 Wate:0.801 Agri:0.710 Buil:0.736
  Batch 20/437 | Loss: 1.5760 | Acc: 0.7671
  Batch 40/437 | Loss: 1.8506 | Acc: 0.7671
  Batch 60/437 | Loss: 1.5877 | Acc: 0.7738
  Batch 80/437 | Loss: 1.6369 | Acc: 0.7709
  Batch 100/437 | Loss: 1.6597 | Acc: 0.7735
  Batch 120/437 | Loss: 1.8057 | Acc: 0.7748
  Batch 140/437 | Loss: 1.6649 | Acc: 0.7772
  Batch 160/437 | Loss: 1.7259 | Acc: 0.7781
  Batch 180/437 | Loss: 1.9636 | Acc: 0.7767
  Batch 200/437 | Loss: 1.4613 | Acc: 0.7782
  Batch 220/437 | Loss: 1.9869 | Acc: 0.7785
  Batch 240/437 | Loss: 1.8765 | Acc: 0.7789
  Batch 260/437 | Loss: 1.4789 | Acc: 0.7786
  Batch 280/437 | Loss: 1.5159 | Acc: 0.7781
  Batch 300/437 | Loss: 1.5381 | Acc: 0.7784
  Batch 320/437 | Loss: 1.9037 | Acc: 0.7785
  Batch 340/437 | Loss: 1.6941 | Acc: 0.7791
  Batch 360/437 | Loss: 1.6985 | Acc: 0.7784
  Batch 380/437 | Loss: 1.8270 | Acc: 0.7789
  Batch 400/437 | Loss: 1.5853 | Acc: 0.7787
  Batch 420/437 | Loss: 1.5207 | Acc: 0.7784
Epoch  21/100 | Train Loss: 1.6693 Acc: 0.7782 | Val Loss: 1.7561 mIoU: 0.6169 | LR: 0.000090 | 104.1s
  IoU: Bare:0.432 Rang:0.505 Deve:0.513 Road:0.555 Tree:0.653 Wate:0.816 Agri:0.720 Buil:0.742
  >>> New best mIoU: 0.6169, saved to checkpoints/dae_unet_effnet_real_20260322_124629_best.pth
  Batch 20/437 | Loss: 1.7820 | Acc: 0.7834
  Batch 40/437 | Loss: 1.3702 | Acc: 0.7872
  Batch 60/437 | Loss: 1.7138 | Acc: 0.7840
  Batch 80/437 | Loss: 1.7736 | Acc: 0.7838
  Batch 100/437 | Loss: 1.4181 | Acc: 0.7812
  Batch 120/437 | Loss: 1.5797 | Acc: 0.7822
  Batch 140/437 | Loss: 1.8114 | Acc: 0.7816
  Batch 160/437 | Loss: 1.7468 | Acc: 0.7794
  Batch 180/437 | Loss: 1.7463 | Acc: 0.7787
  Batch 200/437 | Loss: 1.7983 | Acc: 0.7791
  Batch 220/437 | Loss: 1.6444 | Acc: 0.7795
  Batch 240/437 | Loss: 1.6337 | Acc: 0.7787
  Batch 260/437 | Loss: 1.6119 | Acc: 0.7792
  Batch 280/437 | Loss: 1.5819 | Acc: 0.7803
  Batch 300/437 | Loss: 1.7466 | Acc: 0.7800
  Batch 320/437 | Loss: 1.8243 | Acc: 0.7808
  Batch 340/437 | Loss: 1.6790 | Acc: 0.7806
  Batch 360/437 | Loss: 1.8922 | Acc: 0.7793
  Batch 380/437 | Loss: 1.6952 | Acc: 0.7793
  Batch 400/437 | Loss: 1.7040 | Acc: 0.7796
  Batch 420/437 | Loss: 1.5845 | Acc: 0.7799
Epoch  22/100 | Train Loss: 1.6588 Acc: 0.7799 | Val Loss: 1.7672 mIoU: 0.6020 | LR: 0.000089 | 105.5s
  IoU: Bare:0.358 Rang:0.505 Deve:0.510 Road:0.550 Tree:0.657 Wate:0.810 Agri:0.688 Buil:0.738
  Batch 20/437 | Loss: 1.6418 | Acc: 0.7836
  Batch 40/437 | Loss: 1.8427 | Acc: 0.7873
  Batch 60/437 | Loss: 2.1637 | Acc: 0.7940
  Batch 80/437 | Loss: 1.6464 | Acc: 0.7954
  Batch 100/437 | Loss: 1.7646 | Acc: 0.7902
  Batch 120/437 | Loss: 1.5480 | Acc: 0.7884
  Batch 140/437 | Loss: 1.5567 | Acc: 0.7864
  Batch 160/437 | Loss: 1.6318 | Acc: 0.7866
  Batch 180/437 | Loss: 1.7285 | Acc: 0.7858
  Batch 200/437 | Loss: 1.6690 | Acc: 0.7851
  Batch 220/437 | Loss: 1.7154 | Acc: 0.7851
  Batch 240/437 | Loss: 1.6376 | Acc: 0.7847
  Batch 260/437 | Loss: 1.6327 | Acc: 0.7850
  Batch 280/437 | Loss: 1.6355 | Acc: 0.7847
  Batch 300/437 | Loss: 1.8976 | Acc: 0.7843
  Batch 320/437 | Loss: 1.5533 | Acc: 0.7833
  Batch 340/437 | Loss: 1.6541 | Acc: 0.7832
  Batch 360/437 | Loss: 1.5952 | Acc: 0.7831
  Batch 380/437 | Loss: 1.6655 | Acc: 0.7835
  Batch 400/437 | Loss: 1.6526 | Acc: 0.7828
  Batch 420/437 | Loss: 1.9285 | Acc: 0.7830
Epoch  23/100 | Train Loss: 1.6442 Acc: 0.7827 | Val Loss: 1.7692 mIoU: 0.6121 | LR: 0.000088 | 104.9s
  IoU: Bare:0.498 Rang:0.505 Deve:0.472 Road:0.553 Tree:0.655 Wate:0.783 Agri:0.690 Buil:0.740
  Batch 20/437 | Loss: 1.4553 | Acc: 0.7739
  Batch 40/437 | Loss: 1.6499 | Acc: 0.7752
  Batch 60/437 | Loss: 1.5885 | Acc: 0.7803
  Batch 80/437 | Loss: 1.5990 | Acc: 0.7812
  Batch 100/437 | Loss: 1.8607 | Acc: 0.7828
  Batch 120/437 | Loss: 1.7280 | Acc: 0.7826
  Batch 140/437 | Loss: 1.5681 | Acc: 0.7831
  Batch 160/437 | Loss: 1.6364 | Acc: 0.7832
  Batch 180/437 | Loss: 1.7761 | Acc: 0.7840
  Batch 200/437 | Loss: 1.5956 | Acc: 0.7814
  Batch 220/437 | Loss: 1.9953 | Acc: 0.7809
  Batch 240/437 | Loss: 1.7952 | Acc: 0.7805
  Batch 260/437 | Loss: 1.6223 | Acc: 0.7810
  Batch 280/437 | Loss: 1.4017 | Acc: 0.7813
  Batch 300/437 | Loss: 1.6741 | Acc: 0.7819
  Batch 320/437 | Loss: 1.8000 | Acc: 0.7821
  Batch 340/437 | Loss: 1.5846 | Acc: 0.7830
  Batch 360/437 | Loss: 1.7599 | Acc: 0.7835
  Batch 380/437 | Loss: 1.7137 | Acc: 0.7840
  Batch 400/437 | Loss: 1.6436 | Acc: 0.7847
  Batch 420/437 | Loss: 1.5787 | Acc: 0.7843
Epoch  24/100 | Train Loss: 1.6395 Acc: 0.7836 | Val Loss: 1.7649 mIoU: 0.6085 | LR: 0.000086 | 104.9s
  IoU: Bare:0.382 Rang:0.508 Deve:0.507 Road:0.555 Tree:0.657 Wate:0.812 Agri:0.710 Buil:0.737
  Batch 20/437 | Loss: 1.5463 | Acc: 0.7905
  Batch 40/437 | Loss: 1.4922 | Acc: 0.7831
  Batch 60/437 | Loss: 1.7167 | Acc: 0.7861
  Batch 80/437 | Loss: 1.6181 | Acc: 0.7888
  Batch 100/437 | Loss: 1.6379 | Acc: 0.7874
  Batch 120/437 | Loss: 1.4435 | Acc: 0.7888
  Batch 140/437 | Loss: 1.4593 | Acc: 0.7879
  Batch 160/437 | Loss: 1.8623 | Acc: 0.7860
  Batch 180/437 | Loss: 1.6791 | Acc: 0.7862
  Batch 200/437 | Loss: 1.6463 | Acc: 0.7864
  Batch 220/437 | Loss: 1.6100 | Acc: 0.7874
  Batch 240/437 | Loss: 1.6517 | Acc: 0.7866
  Batch 260/437 | Loss: 1.8999 | Acc: 0.7861
  Batch 280/437 | Loss: 1.6632 | Acc: 0.7861
  Batch 300/437 | Loss: 1.4214 | Acc: 0.7863
  Batch 320/437 | Loss: 1.8056 | Acc: 0.7869
  Batch 340/437 | Loss: 1.4620 | Acc: 0.7868
  Batch 360/437 | Loss: 1.6268 | Acc: 0.7862
  Batch 380/437 | Loss: 1.6472 | Acc: 0.7852
  Batch 400/437 | Loss: 1.6605 | Acc: 0.7858
  Batch 420/437 | Loss: 1.5521 | Acc: 0.7856
Epoch  25/100 | Train Loss: 1.6301 Acc: 0.7855 | Val Loss: 1.7652 mIoU: 0.6126 | LR: 0.000085 | 104.2s
  IoU: Bare:0.466 Rang:0.509 Deve:0.499 Road:0.559 Tree:0.638 Wate:0.792 Agri:0.695 Buil:0.744
  Batch 20/437 | Loss: 1.5544 | Acc: 0.7720
  Batch 40/437 | Loss: 1.8962 | Acc: 0.7765
  Batch 60/437 | Loss: 2.0716 | Acc: 0.7804
  Batch 80/437 | Loss: 1.6690 | Acc: 0.7823
  Batch 100/437 | Loss: 1.5118 | Acc: 0.7833
  Batch 120/437 | Loss: 1.8991 | Acc: 0.7821
  Batch 140/437 | Loss: 1.5721 | Acc: 0.7823
  Batch 160/437 | Loss: 1.7756 | Acc: 0.7817
  Batch 180/437 | Loss: 1.6791 | Acc: 0.7812
  Batch 200/437 | Loss: 1.5105 | Acc: 0.7832
  Batch 220/437 | Loss: 1.4744 | Acc: 0.7841
  Batch 240/437 | Loss: 1.8359 | Acc: 0.7852
  Batch 260/437 | Loss: 1.4211 | Acc: 0.7864
  Batch 280/437 | Loss: 1.4090 | Acc: 0.7865
  Batch 300/437 | Loss: 1.5561 | Acc: 0.7857
  Batch 320/437 | Loss: 1.6497 | Acc: 0.7853
  Batch 340/437 | Loss: 1.6691 | Acc: 0.7848
  Batch 360/437 | Loss: 1.5108 | Acc: 0.7852
  Batch 380/437 | Loss: 1.7734 | Acc: 0.7853
  Batch 400/437 | Loss: 1.6039 | Acc: 0.7855
  Batch 420/437 | Loss: 1.4294 | Acc: 0.7860
Epoch  26/100 | Train Loss: 1.6235 Acc: 0.7865 | Val Loss: 1.7615 mIoU: 0.6177 | LR: 0.000084 | 105.1s
  IoU: Bare:0.494 Rang:0.494 Deve:0.507 Road:0.552 Tree:0.658 Wate:0.792 Agri:0.700 Buil:0.744
  >>> New best mIoU: 0.6177, saved to checkpoints/dae_unet_effnet_real_20260322_124629_best.pth
  Batch 20/437 | Loss: 1.6738 | Acc: 0.7946
  Batch 40/437 | Loss: 1.3947 | Acc: 0.7969
  Batch 60/437 | Loss: 1.6504 | Acc: 0.7966
  Batch 80/437 | Loss: 1.7270 | Acc: 0.7925
  Batch 100/437 | Loss: 1.8911 | Acc: 0.7906
  Batch 120/437 | Loss: 1.4464 | Acc: 0.7910
  Batch 140/437 | Loss: 1.6610 | Acc: 0.7922
  Batch 160/437 | Loss: 1.3987 | Acc: 0.7928
  Batch 180/437 | Loss: 1.6510 | Acc: 0.7935
  Batch 200/437 | Loss: 1.5521 | Acc: 0.7929
  Batch 220/437 | Loss: 1.5010 | Acc: 0.7920
  Batch 240/437 | Loss: 1.6503 | Acc: 0.7912
  Batch 260/437 | Loss: 1.6287 | Acc: 0.7903
  Batch 280/437 | Loss: 1.4197 | Acc: 0.7894
  Batch 300/437 | Loss: 1.5689 | Acc: 0.7898
  Batch 320/437 | Loss: 1.6572 | Acc: 0.7903
  Batch 340/437 | Loss: 1.6021 | Acc: 0.7895
  Batch 360/437 | Loss: 1.4526 | Acc: 0.7897
  Batch 380/437 | Loss: 1.5998 | Acc: 0.7897
  Batch 400/437 | Loss: 1.7553 | Acc: 0.7901
  Batch 420/437 | Loss: 1.7743 | Acc: 0.7897
Epoch  27/100 | Train Loss: 1.6102 Acc: 0.7891 | Val Loss: 1.7669 mIoU: 0.6064 | LR: 0.000083 | 106.2s
  IoU: Bare:0.391 Rang:0.512 Deve:0.508 Road:0.552 Tree:0.660 Wate:0.796 Agri:0.691 Buil:0.741
  Batch 20/437 | Loss: 1.6461 | Acc: 0.7967
  Batch 40/437 | Loss: 1.4217 | Acc: 0.7996
  Batch 60/437 | Loss: 1.9435 | Acc: 0.7922
  Batch 80/437 | Loss: 1.6337 | Acc: 0.7942
  Batch 100/437 | Loss: 1.5704 | Acc: 0.7941
  Batch 120/437 | Loss: 1.6082 | Acc: 0.7934
  Batch 140/437 | Loss: 1.6549 | Acc: 0.7923
  Batch 160/437 | Loss: 1.5258 | Acc: 0.7936
  Batch 180/437 | Loss: 1.8821 | Acc: 0.7931
  Batch 200/437 | Loss: 1.6693 | Acc: 0.7922
  Batch 220/437 | Loss: 1.5756 | Acc: 0.7927
  Batch 240/437 | Loss: 1.6421 | Acc: 0.7919
  Batch 260/437 | Loss: 1.5253 | Acc: 0.7914
  Batch 280/437 | Loss: 1.9196 | Acc: 0.7920
  Batch 300/437 | Loss: 1.6265 | Acc: 0.7923
  Batch 320/437 | Loss: 1.5943 | Acc: 0.7923
  Batch 340/437 | Loss: 1.4823 | Acc: 0.7922
  Batch 360/437 | Loss: 1.5386 | Acc: 0.7924
  Batch 380/437 | Loss: 1.5168 | Acc: 0.7928
  Batch 400/437 | Loss: 1.7092 | Acc: 0.7919
  Batch 420/437 | Loss: 1.8115 | Acc: 0.7912
Epoch  28/100 | Train Loss: 1.6006 Acc: 0.7906 | Val Loss: 1.7637 mIoU: 0.6140 | LR: 0.000082 | 103.9s
  IoU: Bare:0.448 Rang:0.483 Deve:0.518 Road:0.557 Tree:0.655 Wate:0.800 Agri:0.711 Buil:0.741
  Batch 20/437 | Loss: 1.6388 | Acc: 0.7870
  Batch 40/437 | Loss: 1.5345 | Acc: 0.7898
  Batch 60/437 | Loss: 1.3748 | Acc: 0.7945
  Batch 80/437 | Loss: 1.5583 | Acc: 0.7934
  Batch 100/437 | Loss: 1.5379 | Acc: 0.7930
  Batch 120/437 | Loss: 1.7175 | Acc: 0.7921
  Batch 140/437 | Loss: 1.5185 | Acc: 0.7927
  Batch 160/437 | Loss: 1.6868 | Acc: 0.7928
  Batch 180/437 | Loss: 1.4989 | Acc: 0.7931
  Batch 200/437 | Loss: 1.6610 | Acc: 0.7925
  Batch 220/437 | Loss: 1.5381 | Acc: 0.7907
  Batch 240/437 | Loss: 1.4323 | Acc: 0.7901
  Batch 260/437 | Loss: 1.7498 | Acc: 0.7901
  Batch 280/437 | Loss: 1.3396 | Acc: 0.7899
  Batch 300/437 | Loss: 1.6342 | Acc: 0.7902
  Batch 320/437 | Loss: 1.5202 | Acc: 0.7901
  Batch 340/437 | Loss: 1.4344 | Acc: 0.7905
  Batch 360/437 | Loss: 1.3724 | Acc: 0.7916
  Batch 380/437 | Loss: 1.6575 | Acc: 0.7906
  Batch 400/437 | Loss: 1.6617 | Acc: 0.7907
  Batch 420/437 | Loss: 1.3826 | Acc: 0.7906
Epoch  29/100 | Train Loss: 1.5967 Acc: 0.7914 | Val Loss: 1.7551 mIoU: 0.6132 | LR: 0.000081 | 104.8s
  IoU: Bare:0.440 Rang:0.502 Deve:0.512 Road:0.558 Tree:0.662 Wate:0.774 Agri:0.711 Buil:0.747
  Batch 20/437 | Loss: 1.4080 | Acc: 0.8050
  Batch 40/437 | Loss: 1.6659 | Acc: 0.8013
  Batch 60/437 | Loss: 1.6643 | Acc: 0.7952
  Batch 80/437 | Loss: 1.5630 | Acc: 0.7981
  Batch 100/437 | Loss: 1.7283 | Acc: 0.7966
  Batch 120/437 | Loss: 1.5365 | Acc: 0.7944
  Batch 140/437 | Loss: 1.5942 | Acc: 0.7938
  Batch 160/437 | Loss: 1.8091 | Acc: 0.7926
  Batch 180/437 | Loss: 1.5885 | Acc: 0.7935
  Batch 200/437 | Loss: 1.3633 | Acc: 0.7939
  Batch 220/437 | Loss: 1.5447 | Acc: 0.7949
  Batch 240/437 | Loss: 1.7635 | Acc: 0.7940
  Batch 260/437 | Loss: 1.5657 | Acc: 0.7926
  Batch 280/437 | Loss: 1.4567 | Acc: 0.7930
  Batch 300/437 | Loss: 1.4568 | Acc: 0.7932
  Batch 320/437 | Loss: 1.5063 | Acc: 0.7924
  Batch 340/437 | Loss: 1.4664 | Acc: 0.7927
  Batch 360/437 | Loss: 1.5285 | Acc: 0.7924
  Batch 380/437 | Loss: 1.5637 | Acc: 0.7919
  Batch 400/437 | Loss: 1.5585 | Acc: 0.7926
  Batch 420/437 | Loss: 1.4593 | Acc: 0.7927
Epoch  30/100 | Train Loss: 1.5874 Acc: 0.7931 | Val Loss: 1.7387 mIoU: 0.6286 | LR: 0.000079 | 103.4s
  IoU: Bare:0.497 Rang:0.525 Deve:0.510 Road:0.563 Tree:0.658 Wate:0.803 Agri:0.725 Buil:0.748
  >>> New best mIoU: 0.6286, saved to checkpoints/dae_unet_effnet_real_20260322_124629_best.pth
  Batch 20/437 | Loss: 1.7170 | Acc: 0.8084
  Batch 40/437 | Loss: 1.6643 | Acc: 0.7970
  Batch 60/437 | Loss: 1.6978 | Acc: 0.7942
  Batch 80/437 | Loss: 1.5426 | Acc: 0.7941
  Batch 100/437 | Loss: 1.6041 | Acc: 0.7940
  Batch 120/437 | Loss: 1.3490 | Acc: 0.7957
  Batch 140/437 | Loss: 1.7310 | Acc: 0.7942
  Batch 160/437 | Loss: 1.7557 | Acc: 0.7931
  Batch 180/437 | Loss: 1.6647 | Acc: 0.7949
  Batch 200/437 | Loss: 1.5261 | Acc: 0.7959
  Batch 220/437 | Loss: 1.5279 | Acc: 0.7966
  Batch 240/437 | Loss: 1.6643 | Acc: 0.7964
  Batch 260/437 | Loss: 1.5073 | Acc: 0.7958
  Batch 280/437 | Loss: 1.5555 | Acc: 0.7952
  Batch 300/437 | Loss: 1.6966 | Acc: 0.7941
  Batch 320/437 | Loss: 1.8619 | Acc: 0.7935
  Batch 340/437 | Loss: 1.6269 | Acc: 0.7928
  Batch 360/437 | Loss: 1.4348 | Acc: 0.7928
  Batch 380/437 | Loss: 1.4526 | Acc: 0.7935
  Batch 400/437 | Loss: 1.5357 | Acc: 0.7937
  Batch 420/437 | Loss: 1.5237 | Acc: 0.7937
Epoch  31/100 | Train Loss: 1.5826 Acc: 0.7941 | Val Loss: 1.7428 mIoU: 0.6220 | LR: 0.000078 | 103.3s
  IoU: Bare:0.487 Rang:0.507 Deve:0.512 Road:0.562 Tree:0.663 Wate:0.795 Agri:0.703 Buil:0.747
  Batch 20/437 | Loss: 1.5482 | Acc: 0.8028
  Batch 40/437 | Loss: 1.6107 | Acc: 0.7954
  Batch 60/437 | Loss: 1.5574 | Acc: 0.7972
  Batch 80/437 | Loss: 1.4484 | Acc: 0.7976
  Batch 100/437 | Loss: 1.3678 | Acc: 0.7978
  Batch 120/437 | Loss: 1.5571 | Acc: 0.7992
  Batch 140/437 | Loss: 1.4224 | Acc: 0.7966
  Batch 160/437 | Loss: 1.8460 | Acc: 0.7961
  Batch 180/437 | Loss: 1.4540 | Acc: 0.7953
  Batch 200/437 | Loss: 1.7127 | Acc: 0.7948
  Batch 220/437 | Loss: 1.5161 | Acc: 0.7949
  Batch 240/437 | Loss: 1.3878 | Acc: 0.7953
  Batch 260/437 | Loss: 1.4742 | Acc: 0.7960
  Batch 280/437 | Loss: 1.6351 | Acc: 0.7965
  Batch 300/437 | Loss: 1.5803 | Acc: 0.7965
  Batch 320/437 | Loss: 1.7634 | Acc: 0.7957
  Batch 340/437 | Loss: 1.3821 | Acc: 0.7954
  Batch 360/437 | Loss: 1.5988 | Acc: 0.7946
  Batch 380/437 | Loss: 1.5519 | Acc: 0.7953
  Batch 400/437 | Loss: 1.7744 | Acc: 0.7951
  Batch 420/437 | Loss: 1.6808 | Acc: 0.7943
Epoch  32/100 | Train Loss: 1.5814 Acc: 0.7941 | Val Loss: 1.7432 mIoU: 0.6251 | LR: 0.000077 | 104.3s
  IoU: Bare:0.507 Rang:0.503 Deve:0.515 Road:0.561 Tree:0.658 Wate:0.797 Agri:0.715 Buil:0.744
  Batch 20/437 | Loss: 1.6418 | Acc: 0.8073
  Batch 40/437 | Loss: 1.3930 | Acc: 0.8037
  Batch 60/437 | Loss: 1.4226 | Acc: 0.7951
  Batch 80/437 | Loss: 1.3860 | Acc: 0.7977
  Batch 100/437 | Loss: 1.4325 | Acc: 0.7987
  Batch 120/437 | Loss: 1.7075 | Acc: 0.7993
  Batch 140/437 | Loss: 1.5807 | Acc: 0.7992
  Batch 160/437 | Loss: 1.7060 | Acc: 0.7986
  Batch 180/437 | Loss: 1.6460 | Acc: 0.7971
  Batch 200/437 | Loss: 1.5672 | Acc: 0.7979
  Batch 220/437 | Loss: 1.5867 | Acc: 0.7990
  Batch 240/437 | Loss: 1.6035 | Acc: 0.7984
  Batch 260/437 | Loss: 1.5511 | Acc: 0.7994
  Batch 280/437 | Loss: 1.4011 | Acc: 0.7986
  Batch 300/437 | Loss: 1.7469 | Acc: 0.7979
  Batch 320/437 | Loss: 1.5922 | Acc: 0.7979
  Batch 340/437 | Loss: 1.7037 | Acc: 0.7976
  Batch 360/437 | Loss: 1.6473 | Acc: 0.7977
  Batch 380/437 | Loss: 1.6092 | Acc: 0.7979
  Batch 400/437 | Loss: 1.4138 | Acc: 0.7979
  Batch 420/437 | Loss: 1.5135 | Acc: 0.7982
Epoch  33/100 | Train Loss: 1.5595 Acc: 0.7984 | Val Loss: 1.7392 mIoU: 0.6149 | LR: 0.000075 | 104.9s
  IoU: Bare:0.432 Rang:0.509 Deve:0.508 Road:0.566 Tree:0.654 Wate:0.800 Agri:0.699 Buil:0.750
  Batch 20/437 | Loss: 1.5265 | Acc: 0.8056
  Batch 40/437 | Loss: 1.5970 | Acc: 0.7984
  Batch 60/437 | Loss: 1.4805 | Acc: 0.8019
  Batch 80/437 | Loss: 1.6593 | Acc: 0.8007
  Batch 100/437 | Loss: 1.5870 | Acc: 0.7985
  Batch 120/437 | Loss: 1.5170 | Acc: 0.7996
  Batch 140/437 | Loss: 1.5696 | Acc: 0.8008
  Batch 160/437 | Loss: 1.6552 | Acc: 0.8014
  Batch 180/437 | Loss: 1.6025 | Acc: 0.8002
  Batch 200/437 | Loss: 1.3028 | Acc: 0.8004
  Batch 220/437 | Loss: 1.5715 | Acc: 0.7998
  Batch 240/437 | Loss: 1.3512 | Acc: 0.7991
  Batch 260/437 | Loss: 1.4494 | Acc: 0.7981
  Batch 280/437 | Loss: 1.6533 | Acc: 0.7978
  Batch 300/437 | Loss: 1.7888 | Acc: 0.7990
  Batch 320/437 | Loss: 1.4595 | Acc: 0.7993
  Batch 340/437 | Loss: 1.6703 | Acc: 0.7993
  Batch 360/437 | Loss: 1.2581 | Acc: 0.7980
  Batch 380/437 | Loss: 1.3385 | Acc: 0.7979
  Batch 400/437 | Loss: 1.4618 | Acc: 0.7977
  Batch 420/437 | Loss: 1.5150 | Acc: 0.7983
Epoch  34/100 | Train Loss: 1.5583 Acc: 0.7980 | Val Loss: 1.7537 mIoU: 0.6113 | LR: 0.000074 | 105.9s
  IoU: Bare:0.409 Rang:0.505 Deve:0.512 Road:0.566 Tree:0.654 Wate:0.806 Agri:0.692 Buil:0.747
  Batch 20/437 | Loss: 1.4089 | Acc: 0.7994
  Batch 40/437 | Loss: 1.6319 | Acc: 0.8067
  Batch 60/437 | Loss: 1.3951 | Acc: 0.8023
  Batch 80/437 | Loss: 1.6746 | Acc: 0.8004
  Batch 100/437 | Loss: 1.5839 | Acc: 0.8025
  Batch 120/437 | Loss: 1.6283 | Acc: 0.8005
  Batch 140/437 | Loss: 1.5419 | Acc: 0.7998
  Batch 160/437 | Loss: 1.5443 | Acc: 0.7998
  Batch 180/437 | Loss: 1.4739 | Acc: 0.8000
  Batch 200/437 | Loss: 1.3131 | Acc: 0.8014
  Batch 220/437 | Loss: 1.5676 | Acc: 0.8013
  Batch 240/437 | Loss: 1.6270 | Acc: 0.8000
  Batch 260/437 | Loss: 1.4538 | Acc: 0.8004
  Batch 280/437 | Loss: 1.4009 | Acc: 0.8007
  Batch 300/437 | Loss: 1.3305 | Acc: 0.8002
  Batch 320/437 | Loss: 1.6721 | Acc: 0.8002
  Batch 340/437 | Loss: 1.4089 | Acc: 0.8006
  Batch 360/437 | Loss: 1.3999 | Acc: 0.8005
  Batch 380/437 | Loss: 1.6959 | Acc: 0.8007
  Batch 400/437 | Loss: 1.4045 | Acc: 0.8007
  Batch 420/437 | Loss: 1.7219 | Acc: 0.8006
Epoch  35/100 | Train Loss: 1.5490 Acc: 0.8000 | Val Loss: 1.7423 mIoU: 0.6236 | LR: 0.000073 | 105.2s
  IoU: Bare:0.488 Rang:0.531 Deve:0.493 Road:0.566 Tree:0.645 Wate:0.802 Agri:0.712 Buil:0.751
  Batch 20/437 | Loss: 1.5669 | Acc: 0.8119
  Batch 40/437 | Loss: 1.5964 | Acc: 0.8051
  Batch 60/437 | Loss: 1.6826 | Acc: 0.8017
  Batch 80/437 | Loss: 1.3690 | Acc: 0.8020
  Batch 100/437 | Loss: 1.6250 | Acc: 0.8045
  Batch 120/437 | Loss: 1.4634 | Acc: 0.8032
  Batch 140/437 | Loss: 1.4121 | Acc: 0.8034
  Batch 160/437 | Loss: 1.5086 | Acc: 0.8028
  Batch 180/437 | Loss: 1.6855 | Acc: 0.8024
  Batch 200/437 | Loss: 1.5747 | Acc: 0.8028
  Batch 220/437 | Loss: 1.6022 | Acc: 0.8026
  Batch 240/437 | Loss: 1.7704 | Acc: 0.8020
  Batch 260/437 | Loss: 1.5239 | Acc: 0.8010
  Batch 280/437 | Loss: 1.6295 | Acc: 0.8001
  Batch 300/437 | Loss: 1.9520 | Acc: 0.8004
  Batch 320/437 | Loss: 1.6025 | Acc: 0.8009
  Batch 340/437 | Loss: 1.4267 | Acc: 0.8001
  Batch 360/437 | Loss: 1.6210 | Acc: 0.8004
  Batch 380/437 | Loss: 1.6575 | Acc: 0.8002
  Batch 400/437 | Loss: 1.5960 | Acc: 0.8003
  Batch 420/437 | Loss: 1.6199 | Acc: 0.8003
Epoch  36/100 | Train Loss: 1.5462 Acc: 0.8006 | Val Loss: 1.7417 mIoU: 0.6131 | LR: 0.000071 | 106.0s
  IoU: Bare:0.429 Rang:0.507 Deve:0.511 Road:0.559 Tree:0.659 Wate:0.793 Agri:0.698 Buil:0.748
  Batch 20/437 | Loss: 1.8440 | Acc: 0.7934
  Batch 40/437 | Loss: 1.4207 | Acc: 0.7986
  Batch 60/437 | Loss: 1.4735 | Acc: 0.8050
  Batch 80/437 | Loss: 1.4016 | Acc: 0.8047
  Batch 100/437 | Loss: 1.5723 | Acc: 0.8064
  Batch 120/437 | Loss: 1.5618 | Acc: 0.8046
  Batch 140/437 | Loss: 1.5722 | Acc: 0.8038
  Batch 160/437 | Loss: 1.4115 | Acc: 0.8060
  Batch 180/437 | Loss: 1.4084 | Acc: 0.8065
  Batch 200/437 | Loss: 1.5703 | Acc: 0.8071
  Batch 220/437 | Loss: 1.8238 | Acc: 0.8064
  Batch 240/437 | Loss: 1.5981 | Acc: 0.8059
  Batch 260/437 | Loss: 1.5527 | Acc: 0.8051
  Batch 280/437 | Loss: 1.5036 | Acc: 0.8041
  Batch 300/437 | Loss: 1.5903 | Acc: 0.8044
  Batch 320/437 | Loss: 1.5892 | Acc: 0.8041
  Batch 340/437 | Loss: 1.3471 | Acc: 0.8031
  Batch 360/437 | Loss: 1.5346 | Acc: 0.8024
  Batch 380/437 | Loss: 1.4998 | Acc: 0.8025
  Batch 400/437 | Loss: 1.5804 | Acc: 0.8032
  Batch 420/437 | Loss: 1.3436 | Acc: 0.8027
Epoch  37/100 | Train Loss: 1.5350 Acc: 0.8029 | Val Loss: 1.7384 mIoU: 0.6194 | LR: 0.000070 | 104.8s
  IoU: Bare:0.431 Rang:0.516 Deve:0.506 Road:0.572 Tree:0.661 Wate:0.809 Agri:0.717 Buil:0.743
  Batch 20/437 | Loss: 1.5952 | Acc: 0.7979
  Batch 40/437 | Loss: 1.5515 | Acc: 0.8011
  Batch 60/437 | Loss: 1.5466 | Acc: 0.8052
  Batch 80/437 | Loss: 1.4006 | Acc: 0.8074
  Batch 100/437 | Loss: 1.6992 | Acc: 0.8037
  Batch 120/437 | Loss: 1.4992 | Acc: 0.8045
  Batch 140/437 | Loss: 1.6554 | Acc: 0.8033
  Batch 160/437 | Loss: 1.5338 | Acc: 0.8021
  Batch 180/437 | Loss: 1.5262 | Acc: 0.8024
  Batch 200/437 | Loss: 1.2545 | Acc: 0.8040
  Batch 220/437 | Loss: 1.3498 | Acc: 0.8042
  Batch 240/437 | Loss: 1.4035 | Acc: 0.8038
  Batch 260/437 | Loss: 1.5638 | Acc: 0.8032
  Batch 280/437 | Loss: 1.4263 | Acc: 0.8036
  Batch 300/437 | Loss: 1.4437 | Acc: 0.8046
  Batch 320/437 | Loss: 1.3103 | Acc: 0.8043
  Batch 340/437 | Loss: 1.5914 | Acc: 0.8043
  Batch 360/437 | Loss: 1.4878 | Acc: 0.8043
  Batch 380/437 | Loss: 1.5078 | Acc: 0.8042
  Batch 400/437 | Loss: 1.4831 | Acc: 0.8039
  Batch 420/437 | Loss: 1.5812 | Acc: 0.8041
Epoch  38/100 | Train Loss: 1.5301 Acc: 0.8039 | Val Loss: 1.7431 mIoU: 0.6155 | LR: 0.000068 | 104.8s
  IoU: Bare:0.397 Rang:0.515 Deve:0.507 Road:0.568 Tree:0.665 Wate:0.811 Agri:0.712 Buil:0.749
  Batch 20/437 | Loss: 1.5124 | Acc: 0.7977
  Batch 40/437 | Loss: 1.5694 | Acc: 0.7992
  Batch 60/437 | Loss: 1.4966 | Acc: 0.7986
  Batch 80/437 | Loss: 1.4576 | Acc: 0.8013
  Batch 100/437 | Loss: 1.4333 | Acc: 0.8026
  Batch 120/437 | Loss: 1.8356 | Acc: 0.8027
  Batch 140/437 | Loss: 1.4683 | Acc: 0.8022
  Batch 160/437 | Loss: 1.5312 | Acc: 0.8015
  Batch 180/437 | Loss: 1.4361 | Acc: 0.8031
  Batch 200/437 | Loss: 1.6240 | Acc: 0.8022
  Batch 220/437 | Loss: 1.5193 | Acc: 0.8017
  Batch 240/437 | Loss: 1.5879 | Acc: 0.8023
  Batch 260/437 | Loss: 1.6920 | Acc: 0.8031
  Batch 280/437 | Loss: 1.4807 | Acc: 0.8039
  Batch 300/437 | Loss: 1.5113 | Acc: 0.8053
  Batch 320/437 | Loss: 1.3761 | Acc: 0.8048
  Batch 340/437 | Loss: 1.5249 | Acc: 0.8045
  Batch 360/437 | Loss: 1.4022 | Acc: 0.8041
  Batch 380/437 | Loss: 1.7717 | Acc: 0.8041
  Batch 400/437 | Loss: 1.3514 | Acc: 0.8033
  Batch 420/437 | Loss: 1.4751 | Acc: 0.8033
Epoch  39/100 | Train Loss: 1.5331 Acc: 0.8032 | Val Loss: 1.7586 mIoU: 0.6123 | LR: 0.000067 | 115.0s
  IoU: Bare:0.422 Rang:0.497 Deve:0.511 Road:0.567 Tree:0.658 Wate:0.807 Agri:0.690 Buil:0.748
  Batch 20/437 | Loss: 1.4819 | Acc: 0.8086
  Batch 40/437 | Loss: 1.5343 | Acc: 0.8003
  Batch 60/437 | Loss: 1.4645 | Acc: 0.8024
  Batch 80/437 | Loss: 1.5020 | Acc: 0.8031
  Batch 100/437 | Loss: 1.4177 | Acc: 0.8045
  Batch 120/437 | Loss: 1.6144 | Acc: 0.8052
  Batch 140/437 | Loss: 1.4617 | Acc: 0.8046
  Batch 160/437 | Loss: 1.3329 | Acc: 0.8065
  Batch 180/437 | Loss: 1.7183 | Acc: 0.8068
  Batch 200/437 | Loss: 1.4412 | Acc: 0.8055
  Batch 220/437 | Loss: 1.3811 | Acc: 0.8052
  Batch 240/437 | Loss: 1.6446 | Acc: 0.8059
  Batch 260/437 | Loss: 1.4728 | Acc: 0.8060
  Batch 280/437 | Loss: 1.7037 | Acc: 0.8060
  Batch 300/437 | Loss: 1.5369 | Acc: 0.8050
  Batch 320/437 | Loss: 1.8161 | Acc: 0.8051
  Batch 340/437 | Loss: 1.5014 | Acc: 0.8049
  Batch 360/437 | Loss: 1.8295 | Acc: 0.8055
  Batch 380/437 | Loss: 1.4999 | Acc: 0.8067
  Batch 400/437 | Loss: 1.6195 | Acc: 0.8062
  Batch 420/437 | Loss: 1.4638 | Acc: 0.8058
Epoch  40/100 | Train Loss: 1.5180 Acc: 0.8058 | Val Loss: 1.7412 mIoU: 0.6230 | LR: 0.000065 | 103.9s
  IoU: Bare:0.460 Rang:0.517 Deve:0.522 Road:0.565 Tree:0.661 Wate:0.810 Agri:0.700 Buil:0.748
  Early stopping at epoch 40 (patience=10)

============================================================
Training complete!
Best mIoU: 0.6286
History saved to: results/logs/dae_unet_effnet_real_20260322_124629_history.json
============================================================
Uploading checkpoint to W&B...
  Uploaded: checkpoints/dae_unet_effnet_real_20260322_124629_best.pth
Generating inference table for W&B...
RealNoiseDAEDataset val: 218 samples
/home/ubuntu/thietkedenoiser/src/scripts/train_dae.py:479: FutureWarning: `torch.cuda.amp.autocast(args...)` is deprecated. Please use `torch.amp.autocast('cuda', args...)` instead.
  with autocast():
  Logged val inference table (10 rows) to W&B
Running inference on TEST set...
RealNoiseDAEDataset test: 220 samples
/home/ubuntu/thietkedenoiser/src/scripts/train_dae.py:541: FutureWarning: `torch.cuda.amp.autocast(args...)` is deprecated. Please use `torch.amp.autocast('cuda', args...)` instead.
  with autocast():
  Logged test inference table (15 rows) to W&B
  Test mean improvement: 0.0561 (+/- 0.0648)
